0 info it worked if it ends with ok
1 verbose cli [ '/home/vishwarulz/.nvm/v0.10.4/bin/node',
1 verbose cli   '/home/vishwarulz/.nvm/v0.10.4/bin/npm',
1 verbose cli   'start' ]
2 info using npm@1.2.18
3 info using node@v0.10.4
4 verbose read json /home/vishwarulz/CMPE295/SmartEd/SmartEd/package.json
5 verbose run-script [ 'prestart', 'start', 'poststart' ]
6 info prestart smarted@0.1.0
7 info start smarted@0.1.0
8 verbose unsafe-perm in lifecycle true
9 silly exec sh "-c" "node index.js"
10 silly sh,-c,node index.js,/home/vishwarulz/CMPE295/SmartEd/SmartEd spawning
11 info smarted@0.1.0 Failed to exec start script
12 error smarted@0.1.0 start: `node index.js`
12 error `sh "-c" "node index.js"` failed with 1
13 error Failed at the smarted@0.1.0 start script.
13 error This is most likely a problem with the smarted package,
13 error not with npm itself.
13 error Tell the author that this fails on your system:
13 error     node index.js
13 error You can get their info via:
13 error     npm owner ls smarted
13 error There is likely additional logging output above.
14 error System Linux 3.13.0-85-generic
15 error command "/home/vishwarulz/.nvm/v0.10.4/bin/node" "/home/vishwarulz/.nvm/v0.10.4/bin/npm" "start"
16 error cwd /home/vishwarulz/CMPE295/SmartEd/SmartEd
17 error node -v v0.10.4
18 error npm -v 1.2.18
19 error code ELIFECYCLE
20 verbose exit [ 1, true ]
