0 info it worked if it ends with ok
1 verbose cli [ '/home/vishwarulz/.nvm/v0.10.4/bin/node',
1 verbose cli   '/home/vishwarulz/.nvm/v0.10.4/bin/npm',
1 verbose cli   'start' ]
2 info using npm@1.2.18
3 info using node@v0.10.4
4 verbose read json /home/vishwarulz/CMPE295/SmartEd/SmartEd/public/package.json
5 error Error: ENOENT, open '/home/vishwarulz/CMPE295/SmartEd/SmartEd/public/package.json'
6 error If you need help, you may report this log at:
6 error     <http://github.com/isaacs/npm/issues>
6 error or email it to:
6 error     <npm-@googlegroups.com>
7 error System Linux 3.13.0-85-generic
8 error command "/home/vishwarulz/.nvm/v0.10.4/bin/node" "/home/vishwarulz/.nvm/v0.10.4/bin/npm" "start"
9 error cwd /home/vishwarulz/CMPE295/SmartEd/SmartEd/public
10 error node -v v0.10.4
11 error npm -v 1.2.18
12 error path /home/vishwarulz/CMPE295/SmartEd/SmartEd/public/package.json
13 error code ENOENT
14 error errno 34
15 verbose exit [ 34, true ]
